<?xml version="1.0" encoding="UTF-8"?>
<!-- Generated by org.testng.reporters.JUnitReportReporter -->
<testsuite hostname="LAPTOP-DGJ7AJ6A" failures="0" tests="1" name="TestJava.KeyWrdSearch" time="4.869" errors="0" timestamp="2022-11-21T20:37:17 GMT" skipped="0">
  <testcase classname="TestJava.KeyWrdSearch" name="Search" time="4.869"/>
  <system-out/>
</testsuite> <!-- TestJava.KeyWrdSearch -->
