<?xml version="1.0" encoding="UTF-8"?>
<!-- Generated by org.testng.reporters.JUnitReportReporter -->
<testsuite hostname="LAPTOP-DGJ7AJ6A" failures="0" tests="1" name="TestJava.KeyWrdSearch" time="2.803" errors="0" timestamp="2022-11-29T16:51:40 GMT" skipped="0">
  <testcase classname="TestJava.KeyWrdSearch" name="Search" time="2.803"/>
  <system-out/>
</testsuite> <!-- TestJava.KeyWrdSearch -->
